MPASM  5.51              EMBEDDED_PROJECT.ASM   1-7-2023  18:37:21         PAGE  1


LOC  OBJECT CODE     LINE SOURCE TEXT
  VALUE

                      00001 #include "P16F877A.inc"
                      00001         LIST
                      00002 
                      00003 ;==========================================================================
                      00004 ;  MPASM PIC16F877A processor include
                      00005 ; 
                      00006 ;  (c) Copyright 1999-2013 Microchip Technology, All rights reserved
                      00007 ;==========================================================================
                      00008 
                      00566         LIST
                      00002         cblock 0x20
  00000020            00003         Key1H ; KEY1 = 16421
  00000021            00004         Key1L
  00000022            00005         Key2H ; KEY2 = 20147
  00000023            00006         Key2L
  00000024            00007         Key3H ; KEY3 = 27437
  00000025            00008         Key3L
  00000026            00009         NumOfRounds 
  00000027            00010         RH      ; RESULT HIGH
  00000028            00011         RL      ; RESULT LOW
  00000029            00012         TEMP1
  0000002A            00013         TEMP2
  0000002B            00014         TEMP3
  0000002C            00015         check1
                      00016         endc
0000                  00017         org 0x0000
0000   2805           00018         goto Start
0004                  00019         org 0x0004
0004   288A           00020         goto ISR
0005                  00021 Start
0005   0187           00022         clrf PORTC
0006   0188           00023         clrf PORTD
0007   01AC           00024         clrf check1
0008   3025           00025         movlw 0x25
0009   00A1           00026         movwf Key1L
000A   3040           00027         movlw 0x40
000B   00A0           00028         movwf Key1H
000C   30B3           00029         movlw 0xB3
000D   00A3           00030         movwf Key2L
000E   304E           00031         movlw 0x4E
000F   00A2           00032         movwf Key2H
0010   302D           00033         movlw 0x2D
0011   00A5           00034         movwf Key3L
0012   306B           00035         movlw 0x6B
0013   00A4           00036         movwf Key3H
0014   1683           00037         bsf STATUS, RP0 
Message[302]: Register in operand not in bank 0.  Ensure that bank bits are correct.
0015   1701           00038         bsf OPTION_REG, INTEDG 
0016   160B           00039         bsf INTCON, INTE ;setting interrupts enables
0017   178B           00040         bsf INTCON, GIE 
0018   170B           00041         bsf INTCON, PEIE
Message[302]: Register in operand not in bank 0.  Ensure that bank bits are correct.
0019   1218           00042         bcf TXSTA, SYNC  ; enabel Asynchronous serial port
MPASM  5.51              EMBEDDED_PROJECT.ASM   1-7-2023  18:37:21         PAGE  2


LOC  OBJECT CODE     LINE SOURCE TEXT
  VALUE

Message[302]: Register in operand not in bank 0.  Ensure that bank bits are correct.
001A   1698           00043         bsf TXSTA, TXEN  ; enable serial transmission
Message[302]: Register in operand not in bank 0.  Ensure that bank bits are correct.
001B   1518           00044         bsf TXSTA, BRGH ;setting the baud rate
001C   3019           00045         movlw D'25'
Message[302]: Register in operand not in bank 0.  Ensure that bank bits are correct.
001D   0099           00046         movwf SPBRG
001E   300F           00047         movlw B'00001111' ;configure RD3-RD0 as input to read the switches' values
Message[302]: Register in operand not in bank 0.  Ensure that bank bits are correct.
001F   0088           00048         movwf TRISD
Message[302]: Register in operand not in bank 0.  Ensure that bank bits are correct.
0020   1307           00049         bcf TRISC,6 ;configure RC6 as output to transmit the data
0021   1283           00050         bcf STATUS, RP0
0022   1798           00051         bsf RCSTA, SPEN
                      00052 
0023   1C2C           00053 WAIT btfss check1, 0 ; Wait for an external interrupt to occur
0024   2823           00054          goto WAIT
0025   2826           00055         goto getValues ;retrieve data to be encrypted, depending on the switches' values
                      00056 
0026                  00057 getValues
0026   1808           00058         btfsc PORTD, 0
0027   282E           00059         goto NOTZ1
0028   2829           00060         goto Zero1
0029                  00061 Zero1
0029   1C88           00062         btfss PORTD, 1
002A   2833           00063         goto Zero2
002B   301E           00064         movlw 0x1E ;J
002C   00A8           00065         movwf RL
002D   2839           00066         goto checkSW3
002E                  00067 NOTZ1
002E   1888           00068         btfsc PORTD, 1
002F   2836           00069         goto NOTZ2
0030   3006           00070         movlw 0x06;1
0031   00A8           00071         movwf RL
0032   2839           00072         goto checkSW3
                      00073 
0033                  00074 Zero2
0033   307D           00075         movlw 0x7D;6
0034   00A8           00076         movwf RL
0035   2839           00077         goto checkSW3
                      00078 
                      00079 
0036                  00080 NOTZ2
0036   3039           00081         movlw 0x39;C
0037   00A8           00082         movwf RL
0038   2839           00083         goto checkSW3
                      00084 
0039                  00085 checkSW3
0039   1D08           00086         btfss PORTD, 2
003A   283C           00087         goto Zero3
003B   2841           00088         goto NOTZ3
003C                  00089 Zero3
003C   1D88           00090         btfss PORTD, 3
MPASM  5.51              EMBEDDED_PROJECT.ASM   1-7-2023  18:37:21         PAGE  3


LOC  OBJECT CODE     LINE SOURCE TEXT
  VALUE

003D   2846           00091         goto Zero4
003E   303E           00092         movlw 0x3E ;U
003F   00A7           00093         movwf RH
0040   284C           00094         goto Encrypt
                      00095 
0041                  00096 NOTZ3
0041   1988           00097         btfsc PORTD, 3
0042   2849           00098         goto NOTZ4
0043   304F           00099         movlw 0x4F ;3
0044   00A7           00100         movwf RH
0045   284C           00101         goto Encrypt
                      00102 
0046                  00103 Zero4
0046   3079           00104         movlw 0x79 ;E
0047   00A7           00105         movwf RH
0048   284C           00106         goto Encrypt
                      00107 
0049                  00108 NOTZ4
0049   307F           00109         movlw 0x7F ;8
004A   00A7           00110         movwf RH
004B   284C           00111         goto Encrypt
                      00112 
004C                  00113 Encrypt 
004C   3002           00114         movlw D'2'
004D   00A6           00115         movwf NumOfRounds
004E   0103           00116         clrw
004F   1003           00117         bcf STATUS, C
0050                  00118 LOOP
0050   0828           00119         movf RL, W      ;XORING with KEY1 then rotating
0051   0621           00120         xorwf Key1L, W
0052   00A8           00121         movwf RL
0053   00A9           00122         movwf TEMP1
0054   0827           00123         movf RH, W
0055   0620           00124         xorwf Key1H, W
0056   00A7           00125         movwf RH
0057   1BA7           00126         btfsc RH, 7
0058   1403           00127         bsf STATUS, C
0059   0D28           00128         rlf  RL, W
005A   00A8           00129         movwf RL
005B   1003           00130         bcf STATUS, C
005C   1BA9           00131         btfsc TEMP1,7
005D   1403           00132         bsf STATUS, C
005E   0D27           00133         rlf RH, W
005F   00A7           00134         movwf RH
0060   1003           00135         bcf STATUS, C
                      00136 
0061   0828           00137         movf RL, W      ;XORING with KEY2 then rotating
0062   0623           00138         xorwf Key2L, W
0063   00A8           00139         movwf RL
0064   00AA           00140         movwf TEMP2
0065   0827           00141         movf RH, W
0066   0622           00142         xorwf Key2H, W
0067   00A7           00143         movwf RH
MPASM  5.51              EMBEDDED_PROJECT.ASM   1-7-2023  18:37:21         PAGE  4


LOC  OBJECT CODE     LINE SOURCE TEXT
  VALUE

0068   1BA7           00144         btfsc RH, 7
0069   1403           00145         bsf STATUS, C
006A   0D28           00146         rlf  RL, W
006B   00A8           00147         movwf RL
006C   1003           00148         bcf STATUS, C
006D   1BAA           00149         btfsc TEMP2, 7
006E   1403           00150         bsf STATUS, C
006F   0D27           00151         rlf RH, W
0070   00A7           00152         movwf RH
0071   1003           00153         bcf STATUS, C
                      00154 
0072   0828           00155         movf RL, W      ;XORING with KEY3 then rotating
0073   0625           00156         xorwf Key3L, W
0074   00A8           00157         movwf RL
0075   00AB           00158         movwf TEMP3
0076   0827           00159         movf RH, W
0077   0624           00160         xorwf Key3H, W
0078   00A7           00161         movwf RH
0079   1BA7           00162         btfsc RH, 7
007A   1403           00163         bsf STATUS, C
007B   0D28           00164         rlf  RL, W
007C   00A8           00165         movwf RL
007D   1003           00166         bcf STATUS, C
007E   1BAB           00167         btfsc TEMP3, 7
007F   1403           00168         bsf STATUS, C
0080   0D27           00169         rlf RH, W
0081   00A7           00170         movwf RH
0082   1003           00171         bcf STATUS, C
                      00172 
0083   0BA6           00173         decfsz NumOfRounds ,1
0084   2850           00174         goto LOOP
                      00175 
Warning[205]: Found directive in column 1. (banksel)
0085   1683 1303      00176 banksel PIE1
Message[302]: Register in operand not in bank 0.  Ensure that bank bits are correct.
0087   160C           00177         bsf PIE1, TXIE ;set the transmitter interrupt enable, to set TXIF, to start transmitting after t
                            he encryption is done
0088   01AC           00178         clrf check1
0089   2823           00179         goto WAIT
                      00180         
                      00181 
008A                  00182 ISR 
008A   1283           00183         bcf STATUS,RP0
008B   188B           00184         btfsc INTCON, INTF
008C   288F           00185         goto EXT_INT
008D   1A0C           00186         btfsc PIR1, TXIF
008E   2892           00187         goto TX
                      00188 
008F                  00189 EXT_INT
008F   142C           00190         bsf check1,0
0090   108B           00191         bcf INTCON, INTF
0091   0009           00192         retfie
                      00193 
MPASM  5.51              EMBEDDED_PROJECT.ASM   1-7-2023  18:37:21         PAGE  5


LOC  OBJECT CODE     LINE SOURCE TEXT
  VALUE

0092                  00194 TX
0092   3027           00195         movlw 0x27
0093   0084           00196         movwf FSR
0094                  00197 loop    
0094   0800           00198         movf INDF, W
0095   0099           00199         movwf TXREG
0096   0A84           00200         incf FSR, F
0097   0804           00201         movf FSR,W
0098   3C29           00202         sublw 0x29
0099   1D03           00203         btfss STATUS, Z
009A   2894           00204         goto loop
Warning[205]: Found directive in column 1. (banksel)
009B   1683 1303      00205 banksel PIE1 
Message[302]: Register in operand not in bank 0.  Ensure that bank bits are correct.
009D   120C           00206         bcf PIE1, TXIE
009E   0009           00207         retfie
                      00208         
009F   0000           00209 done nop
Warning[205]: Found directive in column 1. (end)
                      00210 end     
MPASM  5.51              EMBEDDED_PROJECT.ASM   1-7-2023  18:37:21         PAGE  6


SYMBOL TABLE
  LABEL                             VALUE 

ACKDT                             00000005
ACKEN                             00000004
ACKSTAT                           00000006
ADCON0                            0000001F
ADCON1                            0000009F
ADCS0                             00000006
ADCS1                             00000007
ADCS2                             00000006
ADDEN                             00000003
ADFM                              00000007
ADIE                              00000006
ADIF                              00000006
ADON                              00000000
ADRESH                            0000001E
ADRESL                            0000009E
BCLIE                             00000003
BCLIF                             00000003
BF                                00000000
BRGH                              00000002
C                                 00000000
C1INV                             00000004
C1OUT                             00000006
C2INV                             00000005
C2OUT                             00000007
CCP1CON                           00000017
CCP1IE                            00000002
CCP1IF                            00000002
CCP1M0                            00000000
CCP1M1                            00000001
CCP1M2                            00000002
CCP1M3                            00000003
CCP1X                             00000005
CCP1Y                             00000004
CCP2CON                           0000001D
CCP2IE                            00000000
CCP2IF                            00000000
CCP2M0                            00000000
CCP2M1                            00000001
CCP2M2                            00000002
CCP2M3                            00000003
CCP2X                             00000005
CCP2Y                             00000004
CCPR1                             00000015
CCPR1H                            00000016
CCPR1L                            00000015
CCPR2                             0000001B
CCPR2H                            0000001C
CCPR2L                            0000001B
CHS0                              00000003
CHS1                              00000004
CHS2                              00000005
CIS                               00000003
CKE                               00000006
MPASM  5.51              EMBEDDED_PROJECT.ASM   1-7-2023  18:37:21         PAGE  7


SYMBOL TABLE
  LABEL                             VALUE 

CKP                               00000004
CM0                               00000000
CM1                               00000001
CM2                               00000002
CMCON                             0000009C
CMIE                              00000006
CMIF                              00000006
CREN                              00000004
CSRC                              00000007
CVR0                              00000000
CVR1                              00000001
CVR2                              00000002
CVR3                              00000003
CVRCON                            0000009D
CVREN                             00000007
CVROE                             00000006
CVRR                              00000005
D                                 00000005
DATA_ADDRESS                      00000005
DC                                00000001
D_A                               00000005
D_NOT_A                           00000005
EEADR                             0000010D
EEADRH                            0000010F
EECON1                            0000018C
EECON2                            0000018D
EEDATA                            0000010C
EEDATH                            0000010E
EEIE                              00000004
EEIF                              00000004
EEPGD                             00000007
EXT_INT                           0000008F
Encrypt                           0000004C
F                                 00000001
FERR                              00000002
FSR                               00000004
GCEN                              00000007
GIE                               00000007
GO                                00000002
GO_DONE                           00000002
GO_NOT_DONE                       00000002
I2C_DATA                          00000005
I2C_READ                          00000002
I2C_START                         00000003
I2C_STOP                          00000004
IBF                               00000007
IBOV                              00000005
INDF                              00000000
INTCON                            0000000B
INTE                              00000004
INTEDG                            00000006
INTF                              00000001
IRP                               00000007
MPASM  5.51              EMBEDDED_PROJECT.ASM   1-7-2023  18:37:21         PAGE  8


SYMBOL TABLE
  LABEL                             VALUE 

ISR                               0000008A
Key1H                             00000020
Key1L                             00000021
Key2H                             00000022
Key2L                             00000023
Key3H                             00000024
Key3L                             00000025
LOOP                              00000050
NOTZ1                             0000002E
NOTZ2                             00000036
NOTZ3                             00000041
NOTZ4                             00000049
NOT_A                             00000005
NOT_ADDRESS                       00000005
NOT_BO                            00000000
NOT_BOR                           00000000
NOT_DONE                          00000002
NOT_PD                            00000003
NOT_POR                           00000001
NOT_RBPU                          00000007
NOT_RC8                           00000006
NOT_T1SYNC                        00000002
NOT_TO                            00000004
NOT_TX8                           00000006
NOT_W                             00000002
NOT_WRITE                         00000002
NumOfRounds                       00000026
OBF                               00000006
OERR                              00000001
OPTION_REG                        00000081
P                                 00000004
PCFG0                             00000000
PCFG1                             00000001
PCFG2                             00000002
PCFG3                             00000003
PCL                               00000002
PCLATH                            0000000A
PCON                              0000008E
PEIE                              00000006
PEN                               00000002
PIE1                              0000008C
PIE2                              0000008D
PIR1                              0000000C
PIR2                              0000000D
PORTA                             00000005
PORTB                             00000006
PORTC                             00000007
PORTD                             00000008
PORTE                             00000009
PR2                               00000092
PS0                               00000000
PS1                               00000001
PS2                               00000002
MPASM  5.51              EMBEDDED_PROJECT.ASM   1-7-2023  18:37:21         PAGE  9


SYMBOL TABLE
  LABEL                             VALUE 

PSA                               00000003
PSPIE                             00000007
PSPIF                             00000007
PSPMODE                           00000004
R                                 00000002
RA0                               00000000
RA1                               00000001
RA2                               00000002
RA3                               00000003
RA4                               00000004
RA5                               00000005
RB0                               00000000
RB1                               00000001
RB2                               00000002
RB3                               00000003
RB4                               00000004
RB5                               00000005
RB6                               00000006
RB7                               00000007
RBIE                              00000003
RBIF                              00000000
RC0                               00000000
RC1                               00000001
RC2                               00000002
RC3                               00000003
RC4                               00000004
RC5                               00000005
RC6                               00000006
RC7                               00000007
RC8_9                             00000006
RC9                               00000006
RCD8                              00000000
RCEN                              00000003
RCIE                              00000005
RCIF                              00000005
RCREG                             0000001A
RCSTA                             00000018
RD                                00000000
RD0                               00000000
RD1                               00000001
RD2                               00000002
RD3                               00000003
RD4                               00000004
RD5                               00000005
RD6                               00000006
RD7                               00000007
RE0                               00000000
RE1                               00000001
RE2                               00000002
READ_WRITE                        00000002
RH                                00000027
RL                                00000028
RP0                               00000005
MPASM  5.51              EMBEDDED_PROJECT.ASM   1-7-2023  18:37:21         PAGE 10


SYMBOL TABLE
  LABEL                             VALUE 

RP1                               00000006
RSEN                              00000001
RX9                               00000006
RX9D                              00000000
R_NOT_W                           00000002
R_W                               00000002
S                                 00000003
SEN                               00000000
SMP                               00000007
SPBRG                             00000099
SPEN                              00000007
SREN                              00000005
SSPADD                            00000093
SSPBUF                            00000013
SSPCON                            00000014
SSPCON2                           00000091
SSPEN                             00000005
SSPIE                             00000003
SSPIF                             00000003
SSPM0                             00000000
SSPM1                             00000001
SSPM2                             00000002
SSPM3                             00000003
SSPOV                             00000006
SSPSTAT                           00000094
STATUS                            00000003
SYNC                              00000004
Start                             00000005
T0CS                              00000005
T0IE                              00000005
T0IF                              00000002
T0SE                              00000004
T1CKPS0                           00000004
T1CKPS1                           00000005
T1CON                             00000010
T1INSYNC                          00000002
T1OSCEN                           00000003
T1SYNC                            00000002
T2CKPS0                           00000000
T2CKPS1                           00000001
T2CON                             00000012
TEMP1                             00000029
TEMP2                             0000002A
TEMP3                             0000002B
TMR0                              00000001
TMR0IE                            00000005
TMR0IF                            00000002
TMR1                              0000000E
TMR1CS                            00000001
TMR1H                             0000000F
TMR1IE                            00000000
TMR1IF                            00000000
TMR1L                             0000000E
MPASM  5.51              EMBEDDED_PROJECT.ASM   1-7-2023  18:37:21         PAGE 11


SYMBOL TABLE
  LABEL                             VALUE 

TMR1ON                            00000000
TMR2                              00000011
TMR2IE                            00000001
TMR2IF                            00000001
TMR2ON                            00000002
TOUTPS0                           00000003
TOUTPS1                           00000004
TOUTPS2                           00000005
TOUTPS3                           00000006
TRISA                             00000085
TRISA0                            00000000
TRISA1                            00000001
TRISA2                            00000002
TRISA3                            00000003
TRISA4                            00000004
TRISA5                            00000005
TRISB                             00000086
TRISB0                            00000000
TRISB1                            00000001
TRISB2                            00000002
TRISB3                            00000003
TRISB4                            00000004
TRISB5                            00000005
TRISB6                            00000006
TRISB7                            00000007
TRISC                             00000087
TRISC0                            00000000
TRISC1                            00000001
TRISC2                            00000002
TRISC3                            00000003
TRISC4                            00000004
TRISC5                            00000005
TRISC6                            00000006
TRISC7                            00000007
TRISD                             00000088
TRISD0                            00000000
TRISD1                            00000001
TRISD2                            00000002
TRISD3                            00000003
TRISD4                            00000004
TRISD5                            00000005
TRISD6                            00000006
TRISD7                            00000007
TRISE                             00000089
TRISE0                            00000000
TRISE1                            00000001
TRISE2                            00000002
TRMT                              00000001
TX                                00000092
TX8_9                             00000006
TX9                               00000006
TX9D                              00000000
TXD8                              00000000
MPASM  5.51              EMBEDDED_PROJECT.ASM   1-7-2023  18:37:21         PAGE 12


SYMBOL TABLE
  LABEL                             VALUE 

TXEN                              00000005
TXIE                              00000004
TXIF                              00000004
TXREG                             00000019
TXSTA                             00000098
UA                                00000001
W                                 00000000
WAIT                              00000023
WCOL                              00000007
WR                                00000001
WREN                              00000002
WRERR                             00000003
Z                                 00000002
Zero1                             00000029
Zero2                             00000033
Zero3                             0000003C
Zero4                             00000046
_BODEN_OFF                        00003FBF
_BODEN_ON                         00003FFF
_BOREN_OFF                        00003FBF
_BOREN_ON                         00003FFF
_CONFIG                           00002007
_CPD_OFF                          00003FFF
_CPD_ON                           00003EFF
_CP_ALL                           00001FFF
_CP_OFF                           00003FFF
_CP_ON                            00001FFF
_DEBUG_OFF                        00003FFF
_DEBUG_ON                         000037FF
_DEVID1                           00002006
_FOSC_EXTRC                       00003FFF
_FOSC_HS                          00003FFE
_FOSC_LP                          00003FFC
_FOSC_XT                          00003FFD
_HS_OSC                           00003FFE
_IDLOC0                           00002000
_IDLOC1                           00002001
_IDLOC2                           00002002
_IDLOC3                           00002003
_LP_OSC                           00003FFC
_LVP_OFF                          00003F7F
_LVP_ON                           00003FFF
_PWRTE_OFF                        00003FFF
_PWRTE_ON                         00003FF7
_RC_OSC                           00003FFF
_WDTE_OFF                         00003FFB
_WDTE_ON                          00003FFF
_WDT_OFF                          00003FFB
_WDT_ON                           00003FFF
_WRT_1FOURTH                      00003BFF
_WRT_256                          00003DFF
_WRT_HALF                         000039FF
_WRT_OFF                          00003FFF
MPASM  5.51              EMBEDDED_PROJECT.ASM   1-7-2023  18:37:21         PAGE 13


SYMBOL TABLE
  LABEL                             VALUE 

_XT_OSC                           00003FFD
__16F877A                         00000001
__DEBUG                           1
check1                            0000002C
checkSW3                          00000039
done                              0000009F
getValues                         00000026
loop                              00000094


MEMORY USAGE MAP ('X' = Used,  '-' = Unused)

0000 : X---XXXXXXXXXXXX XXXXXXXXXXXXXXXX XXXXXXXXXXXXXXXX XXXXXXXXXXXXXXXX
0040 : XXXXXXXXXXXXXXXX XXXXXXXXXXXXXXXX XXXXXXXXXXXXXXXX XXXXXXXXXXXXXXXX
0080 : XXXXXXXXXXXXXXXX XXXXXXXXXXXXXXXX ---------------- ----------------

All other memory blocks unused.

Program Memory Words Used:   157
Program Memory Words Free:  8035


Errors   :     0
Warnings :     3 reported,     0 suppressed
Messages :     9 reported,     0 suppressed

